2025-07-08 18:54:39,452 - INFO - ETL pipeline started
2025-07-08 18:54:39,453 - INFO - Extracting attendances data from data/raw\Attendances at EMD_week24Y2025.xlsx
2025-07-08 18:54:39,659 - INFO - Validating attendances data columns: {'SKH', 'KTPH', 'AH', 'TTSH', 'WH', 'SGH', 'NTFGH', 'CGH', 'Date', 'NUH(A)'}
2025-07-08 18:54:39,659 - INFO - attendances schema validation passed
2025-07-08 18:54:39,659 - INFO - attendances data shape: (889, 10)
2025-07-08 18:54:39,659 - INFO - Extracting wait_time data from data/raw\WT for Admission to Ward_week24Y2025.xlsx
2025-07-08 18:54:39,706 - INFO - Validating wait_time data columns: {'SKH', 'KTPH', 'AH', 'TTSH', 'WH', 'SGH', 'NTFGH', 'CGH', 'Date', 'NUH(A)'}
2025-07-08 18:54:39,706 - INFO - wait_time schema validation passed
2025-07-08 18:54:39,706 - INFO - wait_time data shape: (889, 10)
2025-07-08 18:54:39,706 - INFO - Extracting bor data from data/raw\Bed Occupancy Rate_week24Y2025.xlsx
2025-07-08 18:54:39,823 - INFO - Validating bor data columns: {'SKH', 'KTPH', 'AH', 'TTSH', 'WH', 'SGH', 'Years', 'NTFGH', 'CGH', 'Date', 'NUH(A)'}
2025-07-08 18:54:39,824 - INFO - bor schema validation passed
2025-07-08 18:54:39,824 - INFO - bor data shape: (2715, 11)
2025-07-08 18:54:39,824 - INFO - Data extraction completed successfully
2025-07-08 18:54:39,824 - INFO - Cleaning attendances data
2025-07-08 18:54:39,833 - INFO - attendances cleaned data shape: (7462, 3)
2025-07-08 18:54:39,833 - INFO - Cleaning wait_time data
2025-07-08 18:54:39,843 - INFO - wait_time cleaned data shape: (7462, 3)
2025-07-08 18:54:39,843 - INFO - Cleaning bor data
2025-07-08 18:54:39,857 - INFO - bor cleaned data shape: (21847, 3)
2025-07-08 18:54:39,857 - INFO - Data transformation completed successfully
2025-07-08 18:54:39,857 - INFO - Merging datasets
2025-07-08 18:54:39,868 - INFO - Merged data shape: (21847, 5)
2025-07-08 18:54:39,869 - INFO - Merging completed successfully
2025-07-08 18:54:39,957 - INFO - Cleaned data saved to processed CSV
2025-07-08 18:54:40,871 - INFO - Data loaded into PostgreSQL successfully
2025-07-08 18:54:40,871 - INFO - ETL pipeline completed successfully
