2025-07-08 11:16:30,137 - INFO - ETL pipeline started
2025-07-08 11:16:30,138 - INFO - Extracting attendances data from data/raw\Attendances at EMD_week24Y2025.xlsx
2025-07-08 11:16:30,322 - INFO - Validating attendances data columns: {'KTPH', 'NTFGH', 'SGH', 'WH', 'NUH(A)', 'CGH', 'TTSH', 'SKH', 'Date', 'AH'}
2025-07-08 11:16:30,322 - INFO - attendances schema validation passed
2025-07-08 11:16:30,322 - INFO - attendances data shape: (889, 10)
2025-07-08 11:16:30,322 - INFO - Extracting wait_time data from data/raw\WT for Admission to Ward_week24Y2025.xlsx
2025-07-08 11:16:30,366 - INFO - Validating wait_time data columns: {'KTPH', 'NTFGH', 'SGH', 'WH', 'NUH(A)', 'CGH', 'TTSH', 'SKH', 'Date', 'AH'}
2025-07-08 11:16:30,366 - INFO - wait_time schema validation passed
2025-07-08 11:16:30,366 - INFO - wait_time data shape: (889, 10)
2025-07-08 11:16:30,366 - INFO - Extracting bor data from data/raw\Bed Occupancy Rate_week24Y2025.xlsx
2025-07-08 11:16:30,499 - INFO - Validating bor data columns: {'KTPH', 'NTFGH', 'SGH', 'WH', 'NUH(A)', 'CGH', 'TTSH', 'SKH', 'Date', 'Years', 'AH'}
2025-07-08 11:16:30,499 - INFO - bor schema validation passed
2025-07-08 11:16:30,499 - INFO - bor data shape: (2715, 11)
2025-07-08 11:16:30,499 - INFO - Data extraction completed successfully
2025-07-08 11:16:30,499 - INFO - Cleaning attendances data
2025-07-08 11:16:30,509 - INFO - attendances cleaned data shape: (7462, 3)
2025-07-08 11:16:30,509 - INFO - Cleaning wait_time data
2025-07-08 11:16:30,515 - INFO - wait_time cleaned data shape: (7462, 3)
2025-07-08 11:16:30,516 - INFO - Cleaning bor data
2025-07-08 11:16:30,528 - INFO - bor cleaned data shape: (21847, 3)
2025-07-08 11:16:30,528 - INFO - Data transformation completed successfully
2025-07-08 11:16:30,528 - INFO - Merging datasets
2025-07-08 11:16:30,539 - INFO - Merged data shape: (21847, 5)
2025-07-08 11:16:30,539 - INFO - Merging completed successfully
2025-07-08 11:16:30,624 - INFO - Cleaned data saved to processed CSV
2025-07-08 11:16:31,572 - INFO - Data loaded into PostgreSQL successfully
2025-07-08 11:16:31,572 - INFO - ETL pipeline completed successfully
2025-07-08 11:16:54,619 - INFO - ETL pipeline started
2025-07-08 11:16:54,620 - INFO - Extracting attendances data from data/raw\Attendances at EMD_week24Y2025.xlsx
2025-07-08 11:16:54,799 - INFO - Validating attendances data columns: {'KTPH', 'NUH(A)', 'NTFGH', 'TTSH', 'WH', 'SKH', 'Date', 'AH', 'SGH', 'CGH'}
2025-07-08 11:16:54,799 - INFO - attendances schema validation passed
2025-07-08 11:16:54,800 - INFO - attendances data shape: (889, 10)
2025-07-08 11:16:54,800 - INFO - Extracting wait_time data from data/raw\WT for Admission to Ward_week24Y2025.xlsx
2025-07-08 11:16:54,843 - INFO - Validating wait_time data columns: {'KTPH', 'NUH(A)', 'NTFGH', 'TTSH', 'WH', 'SKH', 'Date', 'AH', 'SGH', 'CGH'}
2025-07-08 11:16:54,843 - INFO - wait_time schema validation passed
2025-07-08 11:16:54,843 - INFO - wait_time data shape: (889, 10)
2025-07-08 11:16:54,843 - INFO - Extracting bor data from data/raw\Bed Occupancy Rate_week24Y2025.xlsx
2025-07-08 11:16:54,975 - INFO - Validating bor data columns: {'KTPH', 'CGH', 'NUH(A)', 'NTFGH', 'TTSH', 'WH', 'SKH', 'Date', 'AH', 'SGH', 'Years'}
2025-07-08 11:16:54,975 - INFO - bor schema validation passed
2025-07-08 11:16:54,975 - INFO - bor data shape: (2715, 11)
2025-07-08 11:16:54,975 - INFO - Data extraction completed successfully
2025-07-08 11:16:54,975 - INFO - Cleaning attendances data
2025-07-08 11:16:54,985 - INFO - attendances cleaned data shape: (7462, 3)
2025-07-08 11:16:54,985 - INFO - Cleaning wait_time data
2025-07-08 11:16:54,993 - INFO - wait_time cleaned data shape: (7462, 3)
2025-07-08 11:16:54,993 - INFO - Cleaning bor data
2025-07-08 11:16:55,006 - INFO - bor cleaned data shape: (21847, 3)
2025-07-08 11:16:55,006 - INFO - Data transformation completed successfully
2025-07-08 11:16:55,006 - INFO - Merging datasets
2025-07-08 11:16:55,017 - INFO - Merged data shape: (21847, 5)
2025-07-08 11:16:55,017 - INFO - Merging completed successfully
2025-07-08 11:16:55,108 - INFO - Cleaned data saved to processed CSV
2025-07-08 11:16:56,020 - INFO - Data loaded into PostgreSQL successfully
2025-07-08 11:16:56,020 - INFO - ETL pipeline completed successfully
2025-07-08 11:19:23,381 - INFO - ETL pipeline started
2025-07-08 11:19:23,382 - INFO - Extracting attendances data from data/raw\Attendances at EMD_week24Y2025.xlsx
2025-07-08 11:19:23,568 - INFO - Validating attendances data columns: {'NUH(A)', 'Date', 'NTFGH', 'SGH', 'CGH', 'SKH', 'TTSH', 'WH', 'KTPH', 'AH'}
2025-07-08 11:19:23,568 - INFO - attendances schema validation passed
2025-07-08 11:19:23,568 - INFO - attendances data shape: (889, 10)
2025-07-08 11:19:23,568 - INFO - Extracting wait_time data from data/raw\WT for Admission to Ward_week24Y2025.xlsx
2025-07-08 11:19:23,610 - INFO - Validating wait_time data columns: {'NUH(A)', 'Date', 'NTFGH', 'SGH', 'CGH', 'SKH', 'TTSH', 'WH', 'KTPH', 'AH'}
2025-07-08 11:19:23,610 - INFO - wait_time schema validation passed
2025-07-08 11:19:23,610 - INFO - wait_time data shape: (889, 10)
2025-07-08 11:19:23,610 - INFO - Extracting bor data from data/raw\Bed Occupancy Rate_week24Y2025.xlsx
2025-07-08 11:19:23,741 - INFO - Validating bor data columns: {'NUH(A)', 'Date', 'NTFGH', 'SGH', 'CGH', 'SKH', 'TTSH', 'WH', 'KTPH', 'Years', 'AH'}
2025-07-08 11:19:23,741 - INFO - bor schema validation passed
2025-07-08 11:19:23,741 - INFO - bor data shape: (2715, 11)
2025-07-08 11:19:23,741 - INFO - Data extraction completed successfully
2025-07-08 11:19:23,741 - INFO - Cleaning attendances data
2025-07-08 11:19:23,750 - INFO - attendances cleaned data shape: (7462, 3)
2025-07-08 11:19:23,750 - INFO - Cleaning wait_time data
2025-07-08 11:19:23,758 - INFO - wait_time cleaned data shape: (7462, 3)
2025-07-08 11:19:23,758 - INFO - Cleaning bor data
2025-07-08 11:19:23,770 - INFO - bor cleaned data shape: (21847, 3)
2025-07-08 11:19:23,770 - INFO - Data transformation completed successfully
2025-07-08 11:19:23,770 - INFO - Merging datasets
2025-07-08 11:19:23,780 - INFO - Merged data shape: (21847, 5)
2025-07-08 11:19:23,781 - INFO - Merging completed successfully
2025-07-08 11:19:23,864 - INFO - Cleaned data saved to processed CSV
2025-07-08 11:19:24,773 - INFO - Data loaded into PostgreSQL successfully
2025-07-08 11:19:24,773 - INFO - ETL pipeline completed successfully
2025-07-08 11:19:29,781 - INFO - ETL pipeline started
2025-07-08 11:19:29,782 - INFO - Extracting attendances data from data/raw\Attendances at EMD_week24Y2025.xlsx
2025-07-08 11:19:29,965 - INFO - Validating attendances data columns: {'NUH(A)', 'NTFGH', 'SGH', 'TTSH', 'SKH', 'WH', 'CGH', 'KTPH', 'Date', 'AH'}
2025-07-08 11:19:29,965 - INFO - attendances schema validation passed
2025-07-08 11:19:29,965 - INFO - attendances data shape: (889, 10)
2025-07-08 11:19:29,965 - INFO - Extracting wait_time data from data/raw\WT for Admission to Ward_week24Y2025.xlsx
2025-07-08 11:19:30,008 - INFO - Validating wait_time data columns: {'NUH(A)', 'NTFGH', 'SGH', 'TTSH', 'SKH', 'WH', 'CGH', 'KTPH', 'Date', 'AH'}
2025-07-08 11:19:30,009 - INFO - wait_time schema validation passed
2025-07-08 11:19:30,009 - INFO - wait_time data shape: (889, 10)
2025-07-08 11:19:30,009 - INFO - Extracting bor data from data/raw\Bed Occupancy Rate_week24Y2025.xlsx
2025-07-08 11:19:30,148 - INFO - Validating bor data columns: {'NUH(A)', 'NTFGH', 'Years', 'SGH', 'TTSH', 'SKH', 'WH', 'CGH', 'KTPH', 'Date', 'AH'}
2025-07-08 11:19:30,148 - INFO - bor schema validation passed
2025-07-08 11:19:30,148 - INFO - bor data shape: (2715, 11)
2025-07-08 11:19:30,148 - INFO - Data extraction completed successfully
2025-07-08 11:19:30,148 - INFO - Cleaning attendances data
2025-07-08 11:19:30,158 - INFO - attendances cleaned data shape: (7462, 3)
2025-07-08 11:19:30,158 - INFO - Cleaning wait_time data
2025-07-08 11:19:30,167 - INFO - wait_time cleaned data shape: (7462, 3)
2025-07-08 11:19:30,167 - INFO - Cleaning bor data
2025-07-08 11:19:30,180 - INFO - bor cleaned data shape: (21847, 3)
2025-07-08 11:19:30,180 - INFO - Data transformation completed successfully
2025-07-08 11:19:30,180 - INFO - Merging datasets
2025-07-08 11:19:30,191 - INFO - Merged data shape: (21847, 5)
2025-07-08 11:19:30,192 - INFO - Merging completed successfully
2025-07-08 11:19:30,283 - INFO - Cleaned data saved to processed CSV
2025-07-08 11:19:31,196 - INFO - Data loaded into PostgreSQL successfully
2025-07-08 11:19:31,196 - INFO - ETL pipeline completed successfully
2025-07-08 11:21:49,292 - INFO - ETL pipeline started
2025-07-08 11:21:49,293 - INFO - Extracting attendances data from data/raw\Attendances at EMD_week24Y2025.xlsx
2025-07-08 11:21:49,365 - INFO - Validating attendances data columns: {'SGH', 'AH', 'SKH', 'CGH', 'NTFGH', 'KTPH', 'WH', 'NUH(A)', 'Date', 'TTSH'}
2025-07-08 11:21:49,365 - INFO - attendances schema validation passed
2025-07-08 11:21:49,366 - INFO - attendances data shape: (889, 10)
2025-07-08 11:21:49,366 - INFO - Extracting wait_time data from data/raw\WT for Admission to Ward_week24Y2025.xlsx
2025-07-08 11:21:49,412 - INFO - Validating wait_time data columns: {'SGH', 'AH', 'SKH', 'CGH', 'NTFGH', 'KTPH', 'WH', 'NUH(A)', 'Date', 'TTSH'}
2025-07-08 11:21:49,413 - INFO - wait_time schema validation passed
2025-07-08 11:21:49,413 - INFO - wait_time data shape: (889, 10)
2025-07-08 11:21:49,413 - INFO - Extracting bor data from data/raw\Bed Occupancy Rate_week24Y2025.xlsx
2025-07-08 11:21:49,535 - INFO - Validating bor data columns: {'Years', 'SGH', 'AH', 'SKH', 'CGH', 'NTFGH', 'KTPH', 'WH', 'NUH(A)', 'Date', 'TTSH'}
2025-07-08 11:21:49,535 - INFO - bor schema validation passed
2025-07-08 11:21:49,535 - INFO - bor data shape: (2715, 11)
2025-07-08 11:21:49,535 - INFO - Data extraction completed successfully
2025-07-08 11:21:49,535 - INFO - Cleaning attendances data
2025-07-08 11:21:49,544 - INFO - attendances cleaned data shape: (7462, 3)
2025-07-08 11:21:49,544 - INFO - Cleaning wait_time data
2025-07-08 11:21:49,552 - INFO - wait_time cleaned data shape: (7462, 3)
2025-07-08 11:21:49,552 - INFO - Cleaning bor data
2025-07-08 11:21:49,565 - INFO - bor cleaned data shape: (21847, 3)
2025-07-08 11:21:49,565 - INFO - Data transformation completed successfully
2025-07-08 11:21:49,565 - INFO - Merging datasets
2025-07-08 11:21:49,577 - INFO - Merged data shape: (21847, 5)
2025-07-08 11:21:49,577 - INFO - Merging completed successfully
2025-07-08 11:21:49,668 - INFO - Cleaned data saved to processed CSV
2025-07-08 11:21:50,752 - INFO - Data loaded into PostgreSQL successfully
2025-07-08 11:21:50,752 - INFO - ETL pipeline completed successfully
